{"/Users/jo661413/Code/cop4331c/cis4004-project-template/backend/server.js": {"path":"/Users/jo661413/Code/cop4331c/cis4004-project-template/backend/server.js","statementMap":{"0":{"start":{"line":14,"column":0},"end":{"line":14,"column":19}},"1":{"start":{"line":17,"column":25},"end":{"line":17,"column":55}},"2":{"start":{"line":18,"column":24},"end":{"line":18,"column":49}},"3":{"start":{"line":20,"column":12},"end":{"line":20,"column":21}},"4":{"start":{"line":23,"column":0},"end":{"line":34,"column":2}},"5":{"start":{"line":36,"column":0},"end":{"line":36,"column":24}},"6":{"start":{"line":39,"column":0},"end":{"line":39,"column":35}},"7":{"start":{"line":40,"column":0},"end":{"line":40,"column":45}},"8":{"start":{"line":41,"column":0},"end":{"line":41,"column":49}},"9":{"start":{"line":42,"column":0},"end":{"line":42,"column":39}},"10":{"start":{"line":45,"column":0},"end":{"line":47,"column":3}},"11":{"start":{"line":46,"column":2},"end":{"line":46,"column":57}},"12":{"start":{"line":50,"column":0},"end":{"line":50,"column":25}},"13":{"start":{"line":51,"column":0},"end":{"line":51,"column":22}},"14":{"start":{"line":53,"column":13},"end":{"line":53,"column":37}},"15":{"start":{"line":59,"column":2},"end":{"line":59,"column":68}},"16":{"start":{"line":61,"column":0},"end":{"line":92,"column":1}},"17":{"start":{"line":62,"column":17},"end":{"line":71,"column":4}},"18":{"start":{"line":63,"column":4},"end":{"line":67,"column":6}},"19":{"start":{"line":68,"column":4},"end":{"line":70,"column":5}},"20":{"start":{"line":69,"column":6},"end":{"line":69,"column":62}},"21":{"start":{"line":74,"column":2},"end":{"line":79,"column":5}},"22":{"start":{"line":75,"column":4},"end":{"line":75,"column":64}},"23":{"start":{"line":76,"column":4},"end":{"line":78,"column":7}},"24":{"start":{"line":77,"column":6},"end":{"line":77,"column":40}},"25":{"start":{"line":82,"column":2},"end":{"line":85,"column":5}},"26":{"start":{"line":83,"column":4},"end":{"line":83,"column":46}},"27":{"start":{"line":84,"column":4},"end":{"line":84,"column":20}},"28":{"start":{"line":88,"column":2},"end":{"line":91,"column":5}},"29":{"start":{"line":89,"column":4},"end":{"line":89,"column":47}},"30":{"start":{"line":90,"column":4},"end":{"line":90,"column":20}},"31":{"start":{"line":94,"column":0},"end":{"line":96,"column":1}},"32":{"start":{"line":95,"column":2},"end":{"line":95,"column":23}}},"fnMap":{"0":{"name":"(anonymous_0)","decl":{"start":{"line":45,"column":16},"end":{"line":45,"column":17}},"loc":{"start":{"line":45,"column":30},"end":{"line":47,"column":1}},"line":45},"1":{"name":"(anonymous_1)","decl":{"start":{"line":62,"column":34},"end":{"line":62,"column":35}},"loc":{"start":{"line":62,"column":40},"end":{"line":71,"column":3}},"line":62},"2":{"name":"(anonymous_2)","decl":{"start":{"line":74,"column":24},"end":{"line":74,"column":25}},"loc":{"start":{"line":74,"column":30},"end":{"line":79,"column":3}},"line":74},"3":{"name":"(anonymous_3)","decl":{"start":{"line":76,"column":17},"end":{"line":76,"column":18}},"loc":{"start":{"line":76,"column":23},"end":{"line":78,"column":5}},"line":76},"4":{"name":"(anonymous_4)","decl":{"start":{"line":82,"column":34},"end":{"line":82,"column":35}},"loc":{"start":{"line":82,"column":43},"end":{"line":85,"column":3}},"line":82},"5":{"name":"(anonymous_5)","decl":{"start":{"line":88,"column":35},"end":{"line":88,"column":36}},"loc":{"start":{"line":88,"column":44},"end":{"line":91,"column":3}},"line":88}},"branchMap":{"0":{"loc":{"start":{"line":27,"column":6},"end":{"line":29,"column":33}},"type":"cond-expr","locations":[{"start":{"line":28,"column":10},"end":{"line":28,"column":71}},{"start":{"line":29,"column":10},"end":{"line":29,"column":33}}],"line":27},"1":{"loc":{"start":{"line":28,"column":10},"end":{"line":28,"column":71}},"type":"binary-expr","locations":[{"start":{"line":28,"column":10},"end":{"line":28,"column":32}},{"start":{"line":28,"column":36},"end":{"line":28,"column":71}}],"line":28},"2":{"loc":{"start":{"line":53,"column":13},"end":{"line":53,"column":37}},"type":"binary-expr","locations":[{"start":{"line":53,"column":13},"end":{"line":53,"column":29}},{"start":{"line":53,"column":33},"end":{"line":53,"column":37}}],"line":53},"3":{"loc":{"start":{"line":59,"column":2},"end":{"line":59,"column":68}},"type":"binary-expr","locations":[{"start":{"line":59,"column":2},"end":{"line":59,"column":17}},{"start":{"line":59,"column":21},"end":{"line":59,"column":68}}],"line":59},"4":{"loc":{"start":{"line":61,"column":0},"end":{"line":92,"column":1}},"type":"if","locations":[{"start":{"line":61,"column":0},"end":{"line":92,"column":1}},{"start":{},"end":{}}],"line":61},"5":{"loc":{"start":{"line":65,"column":8},"end":{"line":65,"column":45}},"type":"binary-expr","locations":[{"start":{"line":65,"column":8},"end":{"line":65,"column":28}},{"start":{"line":65,"column":32},"end":{"line":65,"column":45}}],"line":65},"6":{"loc":{"start":{"line":68,"column":4},"end":{"line":70,"column":5}},"type":"if","locations":[{"start":{"line":68,"column":4},"end":{"line":70,"column":5}},{"start":{},"end":{}}],"line":68},"7":{"loc":{"start":{"line":94,"column":0},"end":{"line":96,"column":1}},"type":"if","locations":[{"start":{"line":94,"column":0},"end":{"line":96,"column":1}},{"start":{},"end":{}}],"line":94},"8":{"loc":{"start":{"line":94,"column":4},"end":{"line":94,"column":51}},"type":"binary-expr","locations":[{"start":{"line":94,"column":4},"end":{"line":94,"column":33}},{"start":{"line":94,"column":37},"end":{"line":94,"column":51}}],"line":94}},"s":{"0":9,"1":9,"2":9,"3":9,"4":9,"5":9,"6":9,"7":9,"8":9,"9":9,"10":9,"11":5,"12":9,"13":9,"14":9,"15":9,"16":9,"17":0,"18":0,"19":0,"20":0,"21":0,"22":0,"23":0,"24":0,"25":0,"26":0,"27":0,"28":0,"29":0,"30":0,"31":9,"32":9},"f":{"0":5,"1":0,"2":0,"3":0,"4":0,"5":0},"b":{"0":[3,6],"1":[3,2],"2":[9,9],"3":[9,9],"4":[0,9],"5":[0,0],"6":[0,0],"7":[9,0],"8":[9,9]},"_coverageSchema":"1a1c01bbd47fc00a2c39e90264f33305004495a9","hash":"d6977c16b59a7ac4b8f1b846119f7aba38657264"}
,"/Users/jo661413/Code/cop4331c/cis4004-project-template/backend/middleware/errorHandler.js": {"path":"/Users/jo661413/Code/cop4331c/cis4004-project-template/backend/middleware/errorHandler.js","statementMap":{"0":{"start":{"line":4,"column":2},"end":{"line":4,"column":27}},"1":{"start":{"line":6,"column":2},"end":{"line":8,"column":3}},"2":{"start":{"line":7,"column":4},"end":{"line":7,"column":60}},"3":{"start":{"line":10,"column":2},"end":{"line":12,"column":3}},"4":{"start":{"line":11,"column":4},"end":{"line":11,"column":56}},"5":{"start":{"line":14,"column":2},"end":{"line":16,"column":3}},"6":{"start":{"line":15,"column":4},"end":{"line":15,"column":59}},"7":{"start":{"line":18,"column":2},"end":{"line":23,"column":5}}},"fnMap":{"0":{"name":"errorHandler","decl":{"start":{"line":3,"column":16},"end":{"line":3,"column":28}},"loc":{"start":{"line":3,"column":50},"end":{"line":24,"column":1}},"line":3}},"branchMap":{"0":{"loc":{"start":{"line":6,"column":2},"end":{"line":8,"column":3}},"type":"if","locations":[{"start":{"line":6,"column":2},"end":{"line":8,"column":3}},{"start":{},"end":{}}],"line":6},"1":{"loc":{"start":{"line":10,"column":2},"end":{"line":12,"column":3}},"type":"if","locations":[{"start":{"line":10,"column":2},"end":{"line":12,"column":3}},{"start":{},"end":{}}],"line":10},"2":{"loc":{"start":{"line":14,"column":2},"end":{"line":16,"column":3}},"type":"if","locations":[{"start":{"line":14,"column":2},"end":{"line":16,"column":3}},{"start":{},"end":{}}],"line":14},"3":{"loc":{"start":{"line":20,"column":6},"end":{"line":22,"column":21}},"type":"cond-expr","locations":[{"start":{"line":21,"column":10},"end":{"line":21,"column":33}},{"start":{"line":22,"column":10},"end":{"line":22,"column":21}}],"line":20}},"s":{"0":7,"1":7,"2":2,"3":5,"4":2,"5":3,"6":1,"7":2},"f":{"0":7},"b":{"0":[2,5],"1":[2,3],"2":[1,2],"3":[1,1]},"_coverageSchema":"1a1c01bbd47fc00a2c39e90264f33305004495a9","hash":"678397eba05e67ac300ab547c86f968582376fa4"}
,"/Users/jo661413/Code/cop4331c/cis4004-project-template/backend/middleware/notFoundHandler.js": {"path":"/Users/jo661413/Code/cop4331c/cis4004-project-template/backend/middleware/notFoundHandler.js","statementMap":{"0":{"start":{"line":2,"column":2},"end":{"line":6,"column":3}},"1":{"start":{"line":3,"column":4},"end":{"line":3,"column":62}},"2":{"start":{"line":5,"column":4},"end":{"line":5,"column":38}}},"fnMap":{"0":{"name":"notFoundHandler","decl":{"start":{"line":1,"column":16},"end":{"line":1,"column":31}},"loc":{"start":{"line":1,"column":42},"end":{"line":7,"column":1}},"line":1}},"branchMap":{"0":{"loc":{"start":{"line":2,"column":2},"end":{"line":6,"column":3}},"type":"if","locations":[{"start":{"line":2,"column":2},"end":{"line":6,"column":3}},{"start":{"line":4,"column":9},"end":{"line":6,"column":3}}],"line":2}},"s":{"0":4,"1":2,"2":2},"f":{"0":4},"b":{"0":[2,2]},"_coverageSchema":"1a1c01bbd47fc00a2c39e90264f33305004495a9","hash":"19ae8e422a650e6947cce2bddc4f5559dde4cef7"}
}
