{"/home/john/Code/cis4004/cis4004-project-template/backend/server.js": {"path":"/home/john/Code/cis4004/cis4004-project-template/backend/server.js","statementMap":{"0":{"start":{"line":15,"column":0},"end":{"line":15,"column":19}},"1":{"start":{"line":18,"column":25},"end":{"line":18,"column":55}},"2":{"start":{"line":19,"column":24},"end":{"line":19,"column":49}},"3":{"start":{"line":21,"column":12},"end":{"line":21,"column":21}},"4":{"start":{"line":24,"column":0},"end":{"line":35,"column":2}},"5":{"start":{"line":37,"column":0},"end":{"line":37,"column":24}},"6":{"start":{"line":40,"column":0},"end":{"line":40,"column":35}},"7":{"start":{"line":41,"column":0},"end":{"line":41,"column":45}},"8":{"start":{"line":42,"column":0},"end":{"line":42,"column":49}},"9":{"start":{"line":43,"column":0},"end":{"line":43,"column":39}},"10":{"start":{"line":46,"column":0},"end":{"line":48,"column":3}},"11":{"start":{"line":47,"column":2},"end":{"line":47,"column":57}},"12":{"start":{"line":51,"column":0},"end":{"line":51,"column":25}},"13":{"start":{"line":52,"column":0},"end":{"line":52,"column":22}},"14":{"start":{"line":54,"column":13},"end":{"line":54,"column":37}},"15":{"start":{"line":62,"column":2},"end":{"line":62,"column":68}},"16":{"start":{"line":64,"column":0},"end":{"line":109,"column":1}},"17":{"start":{"line":68,"column":2},"end":{"line":108,"column":7}},"18":{"start":{"line":70,"column":21},"end":{"line":79,"column":8}},"19":{"start":{"line":71,"column":8},"end":{"line":75,"column":10}},"20":{"start":{"line":76,"column":8},"end":{"line":78,"column":9}},"21":{"start":{"line":77,"column":10},"end":{"line":77,"column":66}},"22":{"start":{"line":82,"column":6},"end":{"line":91,"column":9}},"23":{"start":{"line":83,"column":8},"end":{"line":83,"column":68}},"24":{"start":{"line":84,"column":8},"end":{"line":90,"column":11}},"25":{"start":{"line":85,"column":10},"end":{"line":85,"column":44}},"26":{"start":{"line":86,"column":10},"end":{"line":89,"column":13}},"27":{"start":{"line":87,"column":12},"end":{"line":87,"column":53}},"28":{"start":{"line":88,"column":12},"end":{"line":88,"column":28}},"29":{"start":{"line":94,"column":6},"end":{"line":97,"column":9}},"30":{"start":{"line":95,"column":8},"end":{"line":95,"column":50}},"31":{"start":{"line":96,"column":8},"end":{"line":96,"column":24}},"32":{"start":{"line":100,"column":6},"end":{"line":103,"column":9}},"33":{"start":{"line":101,"column":8},"end":{"line":101,"column":51}},"34":{"start":{"line":102,"column":8},"end":{"line":102,"column":24}},"35":{"start":{"line":106,"column":6},"end":{"line":106,"column":83}},"36":{"start":{"line":107,"column":6},"end":{"line":107,"column":22}},"37":{"start":{"line":111,"column":0},"end":{"line":113,"column":1}},"38":{"start":{"line":112,"column":2},"end":{"line":112,"column":23}}},"fnMap":{"0":{"name":"(anonymous_0)","decl":{"start":{"line":46,"column":16},"end":{"line":46,"column":17}},"loc":{"start":{"line":46,"column":30},"end":{"line":48,"column":1}},"line":46},"1":{"name":"(anonymous_1)","decl":{"start":{"line":69,"column":10},"end":{"line":69,"column":11}},"loc":{"start":{"line":69,"column":16},"end":{"line":104,"column":5}},"line":69},"2":{"name":"(anonymous_2)","decl":{"start":{"line":70,"column":38},"end":{"line":70,"column":39}},"loc":{"start":{"line":70,"column":44},"end":{"line":79,"column":7}},"line":70},"3":{"name":"(anonymous_3)","decl":{"start":{"line":82,"column":28},"end":{"line":82,"column":29}},"loc":{"start":{"line":82,"column":34},"end":{"line":91,"column":7}},"line":82},"4":{"name":"(anonymous_4)","decl":{"start":{"line":84,"column":21},"end":{"line":84,"column":22}},"loc":{"start":{"line":84,"column":27},"end":{"line":90,"column":9}},"line":84},"5":{"name":"(anonymous_5)","decl":{"start":{"line":86,"column":48},"end":{"line":86,"column":49}},"loc":{"start":{"line":86,"column":54},"end":{"line":89,"column":11}},"line":86},"6":{"name":"(anonymous_6)","decl":{"start":{"line":94,"column":38},"end":{"line":94,"column":39}},"loc":{"start":{"line":94,"column":47},"end":{"line":97,"column":7}},"line":94},"7":{"name":"(anonymous_7)","decl":{"start":{"line":100,"column":39},"end":{"line":100,"column":40}},"loc":{"start":{"line":100,"column":48},"end":{"line":103,"column":7}},"line":100},"8":{"name":"(anonymous_8)","decl":{"start":{"line":105,"column":11},"end":{"line":105,"column":12}},"loc":{"start":{"line":105,"column":22},"end":{"line":108,"column":5}},"line":105}},"branchMap":{"0":{"loc":{"start":{"line":28,"column":6},"end":{"line":30,"column":33}},"type":"cond-expr","locations":[{"start":{"line":29,"column":10},"end":{"line":29,"column":71}},{"start":{"line":30,"column":10},"end":{"line":30,"column":33}}],"line":28},"1":{"loc":{"start":{"line":29,"column":10},"end":{"line":29,"column":71}},"type":"binary-expr","locations":[{"start":{"line":29,"column":10},"end":{"line":29,"column":32}},{"start":{"line":29,"column":36},"end":{"line":29,"column":71}}],"line":29},"2":{"loc":{"start":{"line":54,"column":13},"end":{"line":54,"column":37}},"type":"binary-expr","locations":[{"start":{"line":54,"column":13},"end":{"line":54,"column":29}},{"start":{"line":54,"column":33},"end":{"line":54,"column":37}}],"line":54},"3":{"loc":{"start":{"line":62,"column":2},"end":{"line":62,"column":68}},"type":"binary-expr","locations":[{"start":{"line":62,"column":2},"end":{"line":62,"column":17}},{"start":{"line":62,"column":21},"end":{"line":62,"column":68}}],"line":62},"4":{"loc":{"start":{"line":64,"column":0},"end":{"line":109,"column":1}},"type":"if","locations":[{"start":{"line":64,"column":0},"end":{"line":109,"column":1}},{"start":{},"end":{}}],"line":64},"5":{"loc":{"start":{"line":73,"column":12},"end":{"line":73,"column":49}},"type":"binary-expr","locations":[{"start":{"line":73,"column":12},"end":{"line":73,"column":32}},{"start":{"line":73,"column":36},"end":{"line":73,"column":49}}],"line":73},"6":{"loc":{"start":{"line":76,"column":8},"end":{"line":78,"column":9}},"type":"if","locations":[{"start":{"line":76,"column":8},"end":{"line":78,"column":9}},{"start":{},"end":{}}],"line":76},"7":{"loc":{"start":{"line":111,"column":0},"end":{"line":113,"column":1}},"type":"if","locations":[{"start":{"line":111,"column":0},"end":{"line":113,"column":1}},{"start":{},"end":{}}],"line":111},"8":{"loc":{"start":{"line":111,"column":4},"end":{"line":111,"column":51}},"type":"binary-expr","locations":[{"start":{"line":111,"column":4},"end":{"line":111,"column":33}},{"start":{"line":111,"column":37},"end":{"line":111,"column":51}}],"line":111}},"s":{"0":9,"1":9,"2":9,"3":9,"4":9,"5":9,"6":9,"7":9,"8":9,"9":9,"10":9,"11":5,"12":9,"13":9,"14":9,"15":9,"16":9,"17":0,"18":0,"19":0,"20":0,"21":0,"22":0,"23":0,"24":0,"25":0,"26":0,"27":0,"28":0,"29":0,"30":0,"31":0,"32":0,"33":0,"34":0,"35":0,"36":0,"37":9,"38":9},"f":{"0":5,"1":0,"2":0,"3":0,"4":0,"5":0,"6":0,"7":0,"8":0},"b":{"0":[3,6],"1":[3,2],"2":[9,9],"3":[9,9],"4":[0,9],"5":[0,0],"6":[0,0],"7":[9,0],"8":[9,9]},"_coverageSchema":"1a1c01bbd47fc00a2c39e90264f33305004495a9","hash":"25120d022ef9220c1151beba393fa7c86e2c6525"}
,"/home/john/Code/cis4004/cis4004-project-template/backend/config/database.js": {"path":"/home/john/Code/cis4004/cis4004-project-template/backend/config/database.js","statementMap":{"0":{"start":{"line":5,"column":0},"end":{"line":5,"column":34}},"1":{"start":{"line":8,"column":14},"end":{"line":8,"column":37}},"2":{"start":{"line":10,"column":2},"end":{"line":12,"column":3}},"3":{"start":{"line":11,"column":4},"end":{"line":11,"column":69}},"4":{"start":{"line":14,"column":2},"end":{"line":14,"column":30}},"5":{"start":{"line":15,"column":2},"end":{"line":15,"column":97}},"6":{"start":{"line":18,"column":0},"end":{"line":20,"column":3}},"7":{"start":{"line":19,"column":2},"end":{"line":19,"column":50}},"8":{"start":{"line":22,"column":0},"end":{"line":24,"column":3}},"9":{"start":{"line":23,"column":2},"end":{"line":23,"column":38}}},"fnMap":{"0":{"name":"connectDB","decl":{"start":{"line":7,"column":22},"end":{"line":7,"column":31}},"loc":{"start":{"line":7,"column":34},"end":{"line":16,"column":1}},"line":7},"1":{"name":"(anonymous_1)","decl":{"start":{"line":18,"column":32},"end":{"line":18,"column":33}},"loc":{"start":{"line":18,"column":41},"end":{"line":20,"column":1}},"line":18},"2":{"name":"(anonymous_2)","decl":{"start":{"line":22,"column":39},"end":{"line":22,"column":40}},"loc":{"start":{"line":22,"column":45},"end":{"line":24,"column":1}},"line":22}},"branchMap":{"0":{"loc":{"start":{"line":10,"column":2},"end":{"line":12,"column":3}},"type":"if","locations":[{"start":{"line":10,"column":2},"end":{"line":12,"column":3}},{"start":{},"end":{}}],"line":10}},"s":{"0":9,"1":0,"2":0,"3":0,"4":0,"5":0,"6":9,"7":0,"8":9,"9":0},"f":{"0":0,"1":0,"2":0},"b":{"0":[0,0]},"_coverageSchema":"1a1c01bbd47fc00a2c39e90264f33305004495a9","hash":"dc391f13b4694f405ee8ff48bd7453d63e1df18c"}
,"/home/john/Code/cis4004/cis4004-project-template/backend/middleware/errorHandler.js": {"path":"/home/john/Code/cis4004/cis4004-project-template/backend/middleware/errorHandler.js","statementMap":{"0":{"start":{"line":4,"column":2},"end":{"line":4,"column":27}},"1":{"start":{"line":6,"column":2},"end":{"line":8,"column":3}},"2":{"start":{"line":7,"column":4},"end":{"line":7,"column":60}},"3":{"start":{"line":10,"column":2},"end":{"line":12,"column":3}},"4":{"start":{"line":11,"column":4},"end":{"line":11,"column":56}},"5":{"start":{"line":14,"column":2},"end":{"line":16,"column":3}},"6":{"start":{"line":15,"column":4},"end":{"line":15,"column":59}},"7":{"start":{"line":18,"column":2},"end":{"line":23,"column":5}}},"fnMap":{"0":{"name":"errorHandler","decl":{"start":{"line":3,"column":16},"end":{"line":3,"column":28}},"loc":{"start":{"line":3,"column":50},"end":{"line":24,"column":1}},"line":3}},"branchMap":{"0":{"loc":{"start":{"line":6,"column":2},"end":{"line":8,"column":3}},"type":"if","locations":[{"start":{"line":6,"column":2},"end":{"line":8,"column":3}},{"start":{},"end":{}}],"line":6},"1":{"loc":{"start":{"line":10,"column":2},"end":{"line":12,"column":3}},"type":"if","locations":[{"start":{"line":10,"column":2},"end":{"line":12,"column":3}},{"start":{},"end":{}}],"line":10},"2":{"loc":{"start":{"line":14,"column":2},"end":{"line":16,"column":3}},"type":"if","locations":[{"start":{"line":14,"column":2},"end":{"line":16,"column":3}},{"start":{},"end":{}}],"line":14},"3":{"loc":{"start":{"line":20,"column":6},"end":{"line":22,"column":21}},"type":"cond-expr","locations":[{"start":{"line":21,"column":10},"end":{"line":21,"column":33}},{"start":{"line":22,"column":10},"end":{"line":22,"column":21}}],"line":20}},"s":{"0":7,"1":7,"2":2,"3":5,"4":2,"5":3,"6":1,"7":2},"f":{"0":7},"b":{"0":[2,5],"1":[2,3],"2":[1,2],"3":[1,1]},"_coverageSchema":"1a1c01bbd47fc00a2c39e90264f33305004495a9","hash":"e2ce1be33f098e6024718f275511cb26d28b98ef"}
,"/home/john/Code/cis4004/cis4004-project-template/backend/middleware/notFoundHandler.js": {"path":"/home/john/Code/cis4004/cis4004-project-template/backend/middleware/notFoundHandler.js","statementMap":{"0":{"start":{"line":2,"column":2},"end":{"line":6,"column":3}},"1":{"start":{"line":3,"column":4},"end":{"line":3,"column":62}},"2":{"start":{"line":5,"column":4},"end":{"line":5,"column":38}}},"fnMap":{"0":{"name":"notFoundHandler","decl":{"start":{"line":1,"column":16},"end":{"line":1,"column":31}},"loc":{"start":{"line":1,"column":42},"end":{"line":7,"column":1}},"line":1}},"branchMap":{"0":{"loc":{"start":{"line":2,"column":2},"end":{"line":6,"column":3}},"type":"if","locations":[{"start":{"line":2,"column":2},"end":{"line":6,"column":3}},{"start":{"line":4,"column":9},"end":{"line":6,"column":3}}],"line":2}},"s":{"0":4,"1":2,"2":2},"f":{"0":4},"b":{"0":[2,2]},"_coverageSchema":"1a1c01bbd47fc00a2c39e90264f33305004495a9","hash":"e78923839ffcf437ff39b80152bf178a4457a7bd"}
}
