TN:
SF:server.js
FN:45,(anonymous_0)
FN:62,(anonymous_1)
FN:74,(anonymous_2)
FN:76,(anonymous_3)
FN:82,(anonymous_4)
FN:88,(anonymous_5)
FNF:6
FNH:1
FNDA:5,(anonymous_0)
FNDA:0,(anonymous_1)
FNDA:0,(anonymous_2)
FNDA:0,(anonymous_3)
FNDA:0,(anonymous_4)
FNDA:0,(anonymous_5)
DA:14,9
DA:17,9
DA:18,9
DA:20,9
DA:23,9
DA:36,9
DA:39,9
DA:40,9
DA:41,9
DA:42,9
DA:45,9
DA:46,5
DA:50,9
DA:51,9
DA:53,9
DA:59,9
DA:61,9
DA:62,0
DA:63,0
DA:68,0
DA:69,0
DA:74,0
DA:75,0
DA:76,0
DA:77,0
DA:82,0
DA:83,0
DA:84,0
DA:88,0
DA:89,0
DA:90,0
DA:94,9
DA:95,9
LF:33
LH:19
BRDA:27,0,0,3
BRDA:27,0,1,6
BRDA:28,1,0,3
BRDA:28,1,1,2
BRDA:53,2,0,9
BRDA:53,2,1,9
BRDA:59,3,0,9
BRDA:59,3,1,9
BRDA:61,4,0,0
BRDA:61,4,1,9
BRDA:65,5,0,0
BRDA:65,5,1,0
BRDA:68,6,0,0
BRDA:68,6,1,0
BRDA:94,7,0,9
BRDA:94,7,1,0
BRDA:94,8,0,9
BRDA:94,8,1,9
BRF:18
BRH:12
end_of_record
TN:
SF:middleware/errorHandler.js
FN:3,errorHandler
FNF:1
FNH:1
FNDA:7,errorHandler
DA:4,7
DA:6,7
DA:7,2
DA:10,5
DA:11,2
DA:14,3
DA:15,1
DA:18,2
LF:8
LH:8
BRDA:6,0,0,2
BRDA:6,0,1,5
BRDA:10,1,0,2
BRDA:10,1,1,3
BRDA:14,2,0,1
BRDA:14,2,1,2
BRDA:20,3,0,1
BRDA:20,3,1,1
BRF:8
BRH:8
end_of_record
TN:
SF:middleware/notFoundHandler.js
FN:1,notFoundHandler
FNF:1
FNH:1
FNDA:4,notFoundHandler
DA:2,4
DA:3,2
DA:5,2
LF:3
LH:3
BRDA:2,0,0,2
BRDA:2,0,1,2
BRF:2
BRH:2
end_of_record
