TN:
SF:server.js
FN:46,(anonymous_0)
FN:69,(anonymous_1)
FN:70,(anonymous_2)
FN:82,(anonymous_3)
FN:84,(anonymous_4)
FN:86,(anonymous_5)
FN:94,(anonymous_6)
FN:100,(anonymous_7)
FN:105,(anonymous_8)
FNF:9
FNH:1
FNDA:5,(anonymous_0)
FNDA:0,(anonymous_1)
FNDA:0,(anonymous_2)
FNDA:0,(anonymous_3)
FNDA:0,(anonymous_4)
FNDA:0,(anonymous_5)
FNDA:0,(anonymous_6)
FNDA:0,(anonymous_7)
FNDA:0,(anonymous_8)
DA:15,9
DA:18,9
DA:19,9
DA:21,9
DA:24,9
DA:37,9
DA:40,9
DA:41,9
DA:42,9
DA:43,9
DA:46,9
DA:47,5
DA:51,9
DA:52,9
DA:54,9
DA:62,9
DA:64,9
DA:68,0
DA:70,0
DA:71,0
DA:76,0
DA:77,0
DA:82,0
DA:83,0
DA:84,0
DA:85,0
DA:86,0
DA:87,0
DA:88,0
DA:94,0
DA:95,0
DA:96,0
DA:100,0
DA:101,0
DA:102,0
DA:106,0
DA:107,0
DA:111,9
DA:112,9
LF:39
LH:19
BRDA:28,0,0,3
BRDA:28,0,1,6
BRDA:29,1,0,3
BRDA:29,1,1,2
BRDA:54,2,0,9
BRDA:54,2,1,9
BRDA:62,3,0,9
BRDA:62,3,1,9
BRDA:64,4,0,0
BRDA:64,4,1,9
BRDA:73,5,0,0
BRDA:73,5,1,0
BRDA:76,6,0,0
BRDA:76,6,1,0
BRDA:111,7,0,9
BRDA:111,7,1,0
BRDA:111,8,0,9
BRDA:111,8,1,9
BRF:18
BRH:12
end_of_record
TN:
SF:config/database.js
FN:7,connectDB
FN:18,(anonymous_1)
FN:22,(anonymous_2)
FNF:3
FNH:0
FNDA:0,connectDB
FNDA:0,(anonymous_1)
FNDA:0,(anonymous_2)
DA:5,9
DA:8,0
DA:10,0
DA:11,0
DA:14,0
DA:15,0
DA:18,9
DA:19,0
DA:22,9
DA:23,0
LF:10
LH:3
BRDA:10,0,0,0
BRDA:10,0,1,0
BRF:2
BRH:0
end_of_record
TN:
SF:middleware/errorHandler.js
FN:3,errorHandler
FNF:1
FNH:1
FNDA:7,errorHandler
DA:4,7
DA:6,7
DA:7,2
DA:10,5
DA:11,2
DA:14,3
DA:15,1
DA:18,2
LF:8
LH:8
BRDA:6,0,0,2
BRDA:6,0,1,5
BRDA:10,1,0,2
BRDA:10,1,1,3
BRDA:14,2,0,1
BRDA:14,2,1,2
BRDA:20,3,0,1
BRDA:20,3,1,1
BRF:8
BRH:8
end_of_record
TN:
SF:middleware/notFoundHandler.js
FN:1,notFoundHandler
FNF:1
FNH:1
FNDA:4,notFoundHandler
DA:2,4
DA:3,2
DA:5,2
LF:3
LH:3
BRDA:2,0,0,2
BRDA:2,0,1,2
BRF:2
BRH:2
end_of_record
